{"D:\\bloom-repos\\15mod\\4mod\\node-testing2-project\\db-config.js": {"path":"D:\\bloom-repos\\15mod\\4mod\\node-testing2-project\\db-config.js","statementMap":{"0":{"start":{"line":1,"column":13},"end":{"line":1,"column":28}},"1":{"start":{"line":2,"column":17},"end":{"line":2,"column":38}},"2":{"start":{"line":5,"column":20},"end":{"line":5,"column":57}},"3":{"start":{"line":8,"column":15},"end":{"line":8,"column":36}},"4":{"start":{"line":11,"column":11},"end":{"line":11,"column":23}},"5":{"start":{"line":13,"column":0},"end":{"line":13,"column":20}}},"fnMap":{},"branchMap":{"0":{"loc":{"start":{"line":5,"column":20},"end":{"line":5,"column":57}},"type":"binary-expr","locations":[{"start":{"line":5,"column":20},"end":{"line":5,"column":40}},{"start":{"line":5,"column":44},"end":{"line":5,"column":57}}],"line":5}},"s":{"0":1,"1":1,"2":1,"3":1,"4":1,"5":1},"f":{},"b":{"0":[1,0]},"_coverageSchema":"1a1c01bbd47fc00a2c39e90264f33305004495a9","hash":"c4165c7d183937ccf8df6ee24fc11353d61503a3"}
,"D:\\bloom-repos\\15mod\\4mod\\node-testing2-project\\knexfile.js": {"path":"D:\\bloom-repos\\15mod\\4mod\\node-testing2-project\\knexfile.js","statementMap":{"0":{"start":{"line":2,"column":0},"end":{"line":30,"column":4}}},"fnMap":{},"branchMap":{},"s":{"0":1},"f":{},"b":{},"_coverageSchema":"1a1c01bbd47fc00a2c39e90264f33305004495a9","hash":"2ce884fe847c4265c7a08f4ce0c20c0ca2f4a52d"}
,"D:\\bloom-repos\\15mod\\4mod\\node-testing2-project\\server.js": {"path":"D:\\bloom-repos\\15mod\\4mod\\node-testing2-project\\server.js","statementMap":{"0":{"start":{"line":1,"column":16},"end":{"line":1,"column":34}},"1":{"start":{"line":3,"column":15},"end":{"line":3,"column":24}},"2":{"start":{"line":5,"column":20},"end":{"line":5,"column":45}},"3":{"start":{"line":9,"column":0},"end":{"line":9,"column":26}},"4":{"start":{"line":11,"column":0},"end":{"line":11,"column":33}},"5":{"start":{"line":15,"column":0},"end":{"line":15,"column":23}}},"fnMap":{},"branchMap":{},"s":{"0":1,"1":1,"2":1,"3":1,"4":1,"5":1},"f":{},"b":{},"_coverageSchema":"1a1c01bbd47fc00a2c39e90264f33305004495a9","hash":"82bdd018d7700c25dcf7314682f21dfe7cd44d8a"}
,"D:\\bloom-repos\\15mod\\4mod\\node-testing2-project\\api\\index.js": {"path":"D:\\bloom-repos\\15mod\\4mod\\node-testing2-project\\api\\index.js","statementMap":{"0":{"start":{"line":1,"column":16},"end":{"line":1,"column":34}},"1":{"start":{"line":2,"column":15},"end":{"line":2,"column":31}},"2":{"start":{"line":3,"column":13},"end":{"line":3,"column":36}},"3":{"start":{"line":25,"column":0},"end":{"line":29,"column":2}},"4":{"start":{"line":26,"column":13},"end":{"line":26,"column":26}},"5":{"start":{"line":27,"column":18},"end":{"line":27,"column":43}},"6":{"start":{"line":28,"column":2},"end":{"line":28,"column":31}},"7":{"start":{"line":30,"column":0},"end":{"line":30,"column":24}}},"fnMap":{"0":{"name":"(anonymous_0)","decl":{"start":{"line":25,"column":22},"end":{"line":25,"column":23}},"loc":{"start":{"line":25,"column":42},"end":{"line":29,"column":1}},"line":25}},"branchMap":{},"s":{"0":1,"1":1,"2":1,"3":1,"4":2,"5":2,"6":2,"7":1},"f":{"0":2},"b":{},"_coverageSchema":"1a1c01bbd47fc00a2c39e90264f33305004495a9","hash":"c1bd3f53de3e1ef22fd8f98336651f6060b342e0"}
,"D:\\bloom-repos\\15mod\\4mod\\node-testing2-project\\api\\jokesModel.js": {"path":"D:\\bloom-repos\\15mod\\4mod\\node-testing2-project\\api\\jokesModel.js","statementMap":{"0":{"start":{"line":1,"column":11},"end":{"line":1,"column":34}},"1":{"start":{"line":5,"column":17},"end":{"line":5,"column":47}},"2":{"start":{"line":6,"column":4},"end":{"line":6,"column":51}},"3":{"start":{"line":11,"column":17},"end":{"line":11,"column":62}},"4":{"start":{"line":12,"column":4},"end":{"line":12,"column":51}},"5":{"start":{"line":13,"column":0},"end":{"line":13,"column":11}},"6":{"start":{"line":16,"column":0},"end":{"line":19,"column":1}}},"fnMap":{"0":{"name":"createJoke","decl":{"start":{"line":4,"column":15},"end":{"line":4,"column":25}},"loc":{"start":{"line":4,"column":32},"end":{"line":8,"column":1}},"line":4},"1":{"name":"deleteJoke","decl":{"start":{"line":10,"column":15},"end":{"line":10,"column":25}},"loc":{"start":{"line":10,"column":30},"end":{"line":14,"column":1}},"line":10}},"branchMap":{},"s":{"0":1,"1":3,"2":3,"3":2,"4":2,"5":2,"6":1},"f":{"0":3,"1":2},"b":{},"_coverageSchema":"1a1c01bbd47fc00a2c39e90264f33305004495a9","hash":"8b5a0662c6b0d24b32bc75bcdb8eaf719031505f"}
}
