TN:
SF:db-config.js
FNF:0
FNH:0
DA:1,1
DA:2,1
DA:5,1
DA:8,1
DA:11,1
DA:13,1
LF:6
LH:6
BRDA:5,0,0,1
BRDA:5,0,1,0
BRF:2
BRH:1
end_of_record
TN:
SF:knexfile.js
FNF:0
FNH:0
DA:2,1
LF:1
LH:1
BRF:0
BRH:0
end_of_record
TN:
SF:server.js
FNF:0
FNH:0
DA:1,1
DA:3,1
DA:5,1
DA:9,1
DA:11,1
DA:15,1
LF:6
LH:6
BRF:0
BRH:0
end_of_record
TN:
SF:api\index.js
FN:25,(anonymous_0)
FNF:1
FNH:1
FNDA:2,(anonymous_0)
DA:1,1
DA:2,1
DA:3,1
DA:25,1
DA:26,2
DA:27,2
DA:28,2
DA:30,1
LF:8
LH:8
BRF:0
BRH:0
end_of_record
TN:
SF:api\jokesModel.js
FN:4,createJoke
FN:10,deleteJoke
FNF:2
FNH:2
FNDA:3,createJoke
FNDA:2,deleteJoke
DA:1,1
DA:5,3
DA:6,3
DA:11,2
DA:12,2
DA:13,2
DA:16,1
LF:7
LH:7
BRF:0
BRH:0
end_of_record
